Arguments: 
  C:\Program Files\nodejs\node.exe C:\Users\qukes\AppData\Roaming\npm\node_modules\yarn\bin\yarn.js install

PATH: 
  C:\Program Files\NVIDIA GPU Computing Toolkit\CUDA\v11.8\bin;C:\Program Files\NVIDIA GPU Computing Toolkit\CUDA\v11.8\libnvvp;C:\Program Files\Common Files\Oracle\Java\javapath;C:\Program Files (x86)\Common Files\Oracle\Java\javapath;C:\Windows\system32;C:\Windows;C:\Windows\System32\Wbem;C:\Windows\System32\WindowsPowerShell\v1.0\;C:\Windows\System32\OpenSSH\;C:\Program Files (x86)\NVIDIA Corporation\PhysX\Common;C:\Program Files\NVIDIA Corporation\NVIDIA NvDLISR;C:\Program Files\dotnet\;C:\WINDOWS\system32;C:\WINDOWS;C:\WINDOWS\System32\Wbem;C:\WINDOWS\System32\WindowsPowerShell\v1.0\;C:\WINDOWS\System32\OpenSSH\;C:\Program Files\Git\cmd;C:\Program Files\NVIDIA Corporation\Nsight Compute 2022.3.0\;C:\Program Files\nodejs\;D:\AI\stable-diffusion-webui\ffmpeg;C:\Program Files\Go\bin;C:\Program Files\hugo\bin;C:\Users\qukes\AppData\Local\Programs\Python\Python310\Scripts\;C:\Users\qukes\AppData\Local\Programs\Python\Python310\;C:\Users\qukes\AppData\Local\Programs\Python\Python38\Scripts\;C:\Users\qukes\AppData\Local\Programs\Python\Python38\;C:\Users\qukes\AppData\Local\Microsoft\WindowsApps;C:\Users\qukes\AppData\Roaming\npm;D:\AI\stable-diffusion-webui\ffmpeg;;C:\Users\qukes\AppData\Local\Programs\Microsoft VS Code\bin;C:\Users\qukes\go\bin

Yarn version: 
  1.22.19

Node version: 
  16.18.0

Platform: 
  win32 x64

Trace: 
  Error: https://registry.npm.taobao.org/@thirdweb-dev%2freact: tunneling socket could not be established, cause=connect ECONNREFUSED 127.0.0.1:31181
      at ClientRequest.onError (C:\Users\qukes\AppData\Roaming\npm\node_modules\yarn\lib\cli.js:152376:17)
      at Object.onceWrapper (node:events:628:26)
      at ClientRequest.emit (node:events:513:28)
      at Socket.socketErrorListener (node:_http_client:494:9)
      at Socket.emit (node:events:513:28)
      at emitErrorNT (node:internal/streams/destroy:157:8)
      at emitErrorCloseNT (node:internal/streams/destroy:122:3)
      at processTicksAndRejections (node:internal/process/task_queues:83:21)

npm manifest: 
  {
    "name": "nft-drop",
    "version": "0.1.0",
    "private": true,
    "scripts": {
      "dev": "next dev",
      "build": "next build",
      "start": "next start",
      "lint": "next lint"
    },
    "dependencies": {
      "@thirdweb-dev/react": "^3",
      "@thirdweb-dev/sdk": "^3",
      "ethers": "^5.6.8",
      "next": "^12.1.6",
      "react": "^18.1.0",
      "react-dom": "^18.1.0"
    },
    "devDependencies": {
      "@types/node": "^17.0.21",
      "@types/react": "^17.0.40",
      "eslint": "^8.11.0",
      "eslint-config-next": "^12.1.0",
      "typescript": "^4.6.2"
    }
  }

yarn manifest: 
  No manifest

Lockfile: 
  No lockfile
